<?xml version="1.0" encoding="UTF-8"?>
<testng-results skipped="0" failed="0" ignored="0" total="1" passed="1">
  <reporter-output>
  </reporter-output>
  <suite name="Default suite" duration-ms="19318" started-at="2022-09-27T10:30:39 IST" finished-at="2022-09-27T10:30:58 IST">
    <groups>
    </groups>
    <test name="Default test" duration-ms="19318" started-at="2022-09-27T10:30:39 IST" finished-at="2022-09-27T10:30:58 IST">
      <class name="testcases.StoreTest">
        <test-method status="PASS" signature="startBorwserSession()[pri:0, instance:testcases.StoreTest@71bbf57e]" name="startBorwserSession" is-config="true" duration-ms="16394" started-at="2022-09-27T10:30:39 IST" finished-at="2022-09-27T10:30:56 IST">
          <reporter-output>
          </reporter-output>
        </test-method> <!-- startBorwserSession -->
        <test-method status="PASS" signature="testSomething()[pri:1, instance:testcases.StoreTest@71bbf57e]" name="testSomething" duration-ms="1551" started-at="2022-09-27T10:30:56 IST" finished-at="2022-09-27T10:30:57 IST">
          <reporter-output>
          </reporter-output>
        </test-method> <!-- testSomething -->
        <test-method status="PASS" signature="quitBrowserSession()[pri:0, instance:testcases.StoreTest@71bbf57e]" name="quitBrowserSession" is-config="true" duration-ms="1287" started-at="2022-09-27T10:30:57 IST" finished-at="2022-09-27T10:30:58 IST">
          <reporter-output>
          </reporter-output>
        </test-method> <!-- quitBrowserSession -->
      </class> <!-- testcases.StoreTest -->
    </test> <!-- Default test -->
  </suite> <!-- Default suite -->
</testng-results>
